INFO: [VRFC 10-163] Analyzing VHDL file "/zhome/5f/5/155462/MCU project/PWF/PWF.srcs/sources_1/new/7segdriver.vhd" into library xil_defaultlib
INFO: [VRFC 10-307] analyzing entity SevenSeg4
INFO: [VRFC 10-163] Analyzing VHDL file "/zhome/5f/5/155462/MCU project/PWA/PWA.srcs/sources_1/new/8bit_Register.vhd" into library xil_defaultlib
INFO: [VRFC 10-307] analyzing entity Register_8bit
INFO: [VRFC 10-163] Analyzing VHDL file "/zhome/5f/5/155462/Desktop/Functionalunit/Functionalunit.srcs/sources_1/new/ALU.vhd" into library xil_defaultlib
INFO: [VRFC 10-307] analyzing entity ALU
INFO: [VRFC 10-163] Analyzing VHDL file "/zhome/5f/5/155462/MCU project/PWA/PWA.srcs/sources_1/new/AND2.vhd" into library xil_defaultlib
INFO: [VRFC 10-307] analyzing entity AND2
INFO: [VRFC 10-163] Analyzing VHDL file "/zhome/5f/5/155462/MCU project/PWA/PWA.srcs/sources_1/new/D_ff_arst.vhd" into library xil_defaultlib
INFO: [VRFC 10-307] analyzing entity D_ff_arst
INFO: [VRFC 10-163] Analyzing VHDL file "/zhome/5f/5/155462/MCU project/PWA/PWA.srcs/sources_1/new/Datapath.vhd" into library xil_defaultlib
INFO: [VRFC 10-307] analyzing entity Datapath
INFO: [VRFC 10-163] Analyzing VHDL file "/zhome/5f/5/155462/MCU project/PWA/PWA.srcs/sources_1/new/DestinationDecoder.vhd" into library xil_defaultlib
INFO: [VRFC 10-307] analyzing entity DestinationDecoder
INFO: [VRFC 10-163] Analyzing VHDL file "/zhome/5f/5/155462/Desktop/Functionalunit/Functionalunit.srcs/sources_1/new/F_sel.vhd" into library xil_defaultlib
INFO: [VRFC 10-307] analyzing entity F_sel
INFO: [VRFC 10-163] Analyzing VHDL file "/zhome/5f/5/155462/Desktop/Functionalunit/Functionalunit.srcs/sources_1/new/FullAdder.vhd" into library xil_defaultlib
INFO: [VRFC 10-307] analyzing entity FullAdder
INFO: [VRFC 10-163] Analyzing VHDL file "/zhome/5f/5/155462/Desktop/Functionalunit/Functionalunit.srcs/sources_1/new/HalfAdder.vhd" into library xil_defaultlib
INFO: [VRFC 10-307] analyzing entity HalfAdder
INFO: [VRFC 10-163] Analyzing VHDL file "/zhome/5f/5/155462/MCU project/PWB/PWB.srcs/sources_1/new/InstructionDecoderController.vhd" into library xil_defaultlib
INFO: [VRFC 10-307] analyzing entity InstructionDecoderController
INFO: [VRFC 10-163] Analyzing VHDL file "/zhome/5f/5/155462/MCU project/PWB/PWB.srcs/sources_1/new/InstructionRegister.vhd" into library xil_defaultlib
INFO: [VRFC 10-307] analyzing entity InstructionRegister
INFO: [VRFC 10-163] Analyzing VHDL file "/zhome/5f/5/155462/MCU project/FINAL/FINAL.srcs/sources_1/new/MCU_TOP.vhd" into library xil_defaultlib
INFO: [VRFC 10-307] analyzing entity MCU_TOP
INFO: [VRFC 10-163] Analyzing VHDL file "/zhome/5f/5/155462/MCU project/PWA/PWA.srcs/sources_1/new/MUX16x8x1.vhd" into library xil_defaultlib
INFO: [VRFC 10-307] analyzing entity MUX16x1x8
INFO: [VRFC 10-163] Analyzing VHDL file "/zhome/5f/5/155462/MCU project/PWA/PWA.srcs/sources_1/new/MUX2x1.vhd" into library xil_defaultlib
INFO: [VRFC 10-307] analyzing entity MUX2x1
INFO: [VRFC 10-163] Analyzing VHDL file "/zhome/5f/5/155462/MCU project/FINAL/FINAL.srcs/sources_1/new/MUX2x1x16.vhd" into library xil_defaultlib
INFO: [VRFC 10-307] analyzing entity MUX2x1x16
INFO: [VRFC 10-163] Analyzing VHDL file "/zhome/5f/5/155462/Desktop/Functionalunit/Functionalunit.srcs/sources_1/new/MUX2x1x8.vhd" into library xil_defaultlib
INFO: [VRFC 10-307] analyzing entity MUX2x1x8
INFO: [VRFC 10-163] Analyzing VHDL file "/zhome/5f/5/155462/Desktop/Functionalunit/Functionalunit.srcs/sources_1/new/MUX3x1.vhd" into library xil_defaultlib
INFO: [VRFC 10-307] analyzing entity MUX3x1
INFO: [VRFC 10-163] Analyzing VHDL file "/zhome/5f/5/155462/MCU project/PWB/PWB.srcs/sources_1/new/MicroprogramController.vhd" into library xil_defaultlib
INFO: [VRFC 10-307] analyzing entity MicroprogramController
INFO: [VRFC 10-163] Analyzing VHDL file "/zhome/5f/5/155462/MCU project/PWA/PWA.srcs/sources_1/new/NOT1.vhd" into library xil_defaultlib
INFO: [VRFC 10-307] analyzing entity NOT1
INFO: [VRFC 10-163] Analyzing VHDL file "/zhome/5f/5/155462/Desktop/Functionalunit/Functionalunit.srcs/sources_1/new/NegZero.vhd" into library xil_defaultlib
INFO: [VRFC 10-307] analyzing entity NegZero
INFO: [VRFC 10-163] Analyzing VHDL file "/zhome/5f/5/155462/MCU project/PWA/PWA.srcs/sources_1/new/OR2.vhd" into library xil_defaultlib
INFO: [VRFC 10-307] analyzing entity OR2
INFO: [VRFC 10-163] Analyzing VHDL file "/zhome/5f/5/155462/MCU project/PWF/PWF.srcs/sources_1/new/PortReg8x8.vhd" into library xil_defaultlib
INFO: [VRFC 10-307] analyzing entity PortReg8x8
INFO: [VRFC 10-163] Analyzing VHDL file "/zhome/5f/5/155462/MCU project/PWB/PWB.srcs/sources_1/new/ProgramCounter.vhd" into library xil_defaultlib
INFO: [VRFC 10-307] analyzing entity ProgramCounter
INFO: [VRFC 10-163] Analyzing VHDL file "/zhome/5f/5/155462/MCU project/PWF/PWF.srcs/sources_1/new/Ram256X16.vhd" into library xil_defaultlib
INFO: [VRFC 10-307] analyzing entity Ram256X16
INFO: [VRFC 10-163] Analyzing VHDL file "/zhome/5f/5/155462/MCU project/PWA/PWA.srcs/sources_1/new/RegisterR16.vhd" into library xil_defaultlib
INFO: [VRFC 10-307] analyzing entity RegisterR16
INFO: [VRFC 10-163] Analyzing VHDL file "/zhome/5f/5/155462/MCU project/PWA/PWA.srcs/sources_1/new/RegsiterFile.vhd" into library xil_defaultlib
INFO: [VRFC 10-307] analyzing entity RegisterFile
INFO: [VRFC 10-163] Analyzing VHDL file "/zhome/5f/5/155462/MCU project/PWB/PWB.srcs/sources_1/new/SignExtender.vhd" into library xil_defaultlib
INFO: [VRFC 10-307] analyzing entity SignExtender
INFO: [VRFC 10-163] Analyzing VHDL file "/zhome/5f/5/155462/MCU project/PWB/PWB.srcs/sources_1/new/ZeroFiller.vhd" into library xil_defaultlib
INFO: [VRFC 10-307] analyzing entity ZeroFiller
INFO: [VRFC 10-163] Analyzing VHDL file "/zhome/5f/5/155462/Desktop/Functionalunit/Functionalunit.srcs/sources_1/new/arith_circuit.vhd" into library xil_defaultlib
INFO: [VRFC 10-307] analyzing entity arith_circuit
INFO: [VRFC 10-163] Analyzing VHDL file "/zhome/5f/5/155462/Desktop/Functionalunit/Functionalunit.srcs/sources_1/new/function_unit.vhd" into library xil_defaultlib
INFO: [VRFC 10-307] analyzing entity function_unit
INFO: [VRFC 10-163] Analyzing VHDL file "/zhome/5f/5/155462/Desktop/Functionalunit/Functionalunit.srcs/sources_1/new/logic_unit.vhd" into library xil_defaultlib
INFO: [VRFC 10-307] analyzing entity logic_unit
INFO: [VRFC 10-163] Analyzing VHDL file "/zhome/5f/5/155462/Desktop/Functionalunit/Functionalunit.srcs/sources_1/new/shifter_8bit.vhd" into library xil_defaultlib
INFO: [VRFC 10-307] analyzing entity shifter_8bit
INFO: [VRFC 10-163] Analyzing VHDL file "/zhome/5f/5/155462/MCU project/FINAL/FINAL.srcs/sim_1/new/MCU_TOP_tb.vhd" into library xil_defaultlib
INFO: [VRFC 10-307] analyzing entity MCU_TOP_tb
INFO: [VRFC 10-163] Analyzing VHDL file "/zhome/5f/5/155462/MCU project/FINAL/FINAL.srcs/sources_1/new/MUX2x1x16.vhd" into library xil_defaultlib
INFO: [VRFC 10-307] analyzing entity MUX2x1x16
INFO: [VRFC 10-163] Analyzing VHDL file "/zhome/5f/5/155462/MCU project/PWF/PWF.srcs/sources_1/new/Ram256X16.vhd" into library xil_defaultlib
INFO: [VRFC 10-307] analyzing entity Ram256X16
INFO: [VRFC 10-163] Analyzing VHDL file "/zhome/5f/5/155462/MCU project/FINAL/FINAL.srcs/sources_1/new/MCU_TOP.vhd" into library xil_defaultlib
INFO: [VRFC 10-307] analyzing entity MCU_TOP
INFO: [VRFC 10-163] Analyzing VHDL file "/zhome/5f/5/155462/MCU project/FINAL/FINAL.srcs/sources_1/new/MCU_TOP.vhd" into library xil_defaultlib
INFO: [VRFC 10-307] analyzing entity MCU_TOP
INFO: [VRFC 10-163] Analyzing VHDL file "/zhome/5f/5/155462/MCU project/FINAL/FINAL.srcs/sources_1/new/MCU_TOP.vhd" into library xil_defaultlib
INFO: [VRFC 10-307] analyzing entity MCU_TOP
INFO: [VRFC 10-163] Analyzing VHDL file "/zhome/5f/5/155462/MCU project/PWF/PWF.srcs/sources_1/new/Ram256X16.vhd" into library xil_defaultlib
INFO: [VRFC 10-307] analyzing entity Ram256X16
INFO: [VRFC 10-163] Analyzing VHDL file "/zhome/5f/5/155462/MCU project/PWF/PWF.srcs/sources_1/new/Ram256X16.vhd" into library xil_defaultlib
INFO: [VRFC 10-307] analyzing entity Ram256X16
INFO: [VRFC 10-163] Analyzing VHDL file "/zhome/5f/5/155462/MCU project/PWB/PWB.srcs/sources_1/new/InstructionRegister.vhd" into library xil_defaultlib
INFO: [VRFC 10-307] analyzing entity InstructionRegister
INFO: [VRFC 10-163] Analyzing VHDL file "/zhome/5f/5/155462/MCU project/PWB/PWB.srcs/sources_1/new/InstructionRegister.vhd" into library xil_defaultlib
INFO: [VRFC 10-307] analyzing entity InstructionRegister
INFO: [VRFC 10-163] Analyzing VHDL file "/zhome/5f/5/155462/MCU project/PWB/PWB.srcs/sources_1/new/InstructionRegister.vhd" into library xil_defaultlib
INFO: [VRFC 10-307] analyzing entity InstructionRegister
INFO: [VRFC 10-163] Analyzing VHDL file "/zhome/5f/5/155462/MCU project/PWB/PWB.srcs/sources_1/new/InstructionDecoderController.vhd" into library xil_defaultlib
INFO: [VRFC 10-307] analyzing entity InstructionDecoderController
INFO: [VRFC 10-163] Analyzing VHDL file "/zhome/5f/5/155462/MCU project/PWB/PWB.srcs/sources_1/new/InstructionDecoderController.vhd" into library xil_defaultlib
INFO: [VRFC 10-307] analyzing entity InstructionDecoderController
INFO: [VRFC 10-163] Analyzing VHDL file "/zhome/5f/5/155462/MCU project/PWB/PWB.srcs/sources_1/new/InstructionRegister.vhd" into library xil_defaultlib
INFO: [VRFC 10-307] analyzing entity InstructionRegister
INFO: [VRFC 10-163] Analyzing VHDL file "/zhome/5f/5/155462/MCU project/PWB/PWB.srcs/sources_1/new/InstructionRegister.vhd" into library xil_defaultlib
INFO: [VRFC 10-307] analyzing entity InstructionRegister
INFO: [VRFC 10-163] Analyzing VHDL file "/zhome/5f/5/155462/MCU project/FINAL/FINAL.srcs/sim_1/new/MCU_TOP_tb.vhd" into library xil_defaultlib
INFO: [VRFC 10-307] analyzing entity MCU_TOP_tb
INFO: [VRFC 10-163] Analyzing VHDL file "/zhome/5f/5/155462/MCU project/FINAL/DivClk.vhd" into library xil_defaultlib
INFO: [VRFC 10-307] analyzing entity DivClk
INFO: [VRFC 10-163] Analyzing VHDL file "/zhome/5f/5/155462/MCU project/FINAL/FINAL.srcs/sources_1/new/MCU_TOP.vhd" into library xil_defaultlib
INFO: [VRFC 10-307] analyzing entity MCU_TOP
INFO: [VRFC 10-163] Analyzing VHDL file "/zhome/5f/5/155462/MCU project/FINAL/FINAL.srcs/sources_1/new/MCU_TOP.vhd" into library xil_defaultlib
INFO: [VRFC 10-307] analyzing entity MCU_TOP
INFO: [VRFC 10-163] Analyzing VHDL file "/zhome/5f/5/155462/MCU project/PWF/PWF.srcs/sources_1/new/Ram256X16.vhd" into library xil_defaultlib
INFO: [VRFC 10-307] analyzing entity Ram256X16
INFO: [VRFC 10-163] Analyzing VHDL file "/zhome/5f/5/155462/MCU project/PWF/PWF.srcs/sources_1/new/Ram256X16.vhd" into library xil_defaultlib
INFO: [VRFC 10-307] analyzing entity Ram256X16
INFO: [VRFC 10-163] Analyzing VHDL file "/zhome/5f/5/155462/MCU project/PWF/PWF.srcs/sources_1/new/Ram256X16.vhd" into library xil_defaultlib
INFO: [VRFC 10-307] analyzing entity Ram256X16
INFO: [VRFC 10-163] Analyzing VHDL file "/zhome/5f/5/155462/MCU project/PWF/PWF.srcs/sources_1/new/Ram256X16.vhd" into library xil_defaultlib
INFO: [VRFC 10-307] analyzing entity Ram256X16
INFO: [VRFC 10-163] Analyzing VHDL file "/zhome/5f/5/155462/MCU project/PWF/PWF.srcs/sources_1/new/Ram256X16.vhd" into library xil_defaultlib
INFO: [VRFC 10-307] analyzing entity Ram256X16
INFO: [VRFC 10-163] Analyzing VHDL file "/zhome/5f/5/155462/MCU project/PWF/PWF.srcs/sources_1/new/Ram256X16.vhd" into library xil_defaultlib
INFO: [VRFC 10-307] analyzing entity Ram256X16
INFO: [VRFC 10-163] Analyzing VHDL file "/zhome/5f/5/155462/MCU project/PWF/PWF.srcs/sources_1/new/Ram256X16.vhd" into library xil_defaultlib
INFO: [VRFC 10-307] analyzing entity Ram256X16
INFO: [VRFC 10-163] Analyzing VHDL file "/zhome/5f/5/155462/MCU project/PWF/PWF.srcs/sources_1/new/Ram256X16.vhd" into library xil_defaultlib
INFO: [VRFC 10-307] analyzing entity Ram256X16
INFO: [VRFC 10-163] Analyzing VHDL file "/zhome/5f/5/155462/MCU project/PWF/PWF.srcs/sources_1/new/Ram256X16.vhd" into library xil_defaultlib
INFO: [VRFC 10-307] analyzing entity Ram256X16
INFO: [VRFC 10-163] Analyzing VHDL file "/zhome/5f/5/155462/MCU project/PWF/PWF.srcs/sources_1/new/Ram256X16.vhd" into library xil_defaultlib
INFO: [VRFC 10-307] analyzing entity Ram256X16
INFO: [VRFC 10-163] Analyzing VHDL file "/zhome/5f/5/155462/MCU project/PWF/PWF.srcs/sources_1/new/Ram256X16.vhd" into library xil_defaultlib
INFO: [VRFC 10-307] analyzing entity Ram256X16
INFO: [VRFC 10-163] Analyzing VHDL file "/zhome/5f/5/155462/MCU project/PWF/PWF.srcs/sources_1/new/Ram256X16.vhd" into library xil_defaultlib
INFO: [VRFC 10-307] analyzing entity Ram256X16
INFO: [VRFC 10-163] Analyzing VHDL file "/zhome/5f/5/155462/MCU project/FINAL/FINAL.srcs/sim_1/new/MCU_TOP_tb.vhd" into library xil_defaultlib
INFO: [VRFC 10-307] analyzing entity MCU_TOP_tb
INFO: [VRFC 10-163] Analyzing VHDL file "/zhome/5f/5/155462/MCU project/PWF/PWF.srcs/sources_1/new/Ram256X16.vhd" into library xil_defaultlib
INFO: [VRFC 10-307] analyzing entity Ram256X16
INFO: [VRFC 10-163] Analyzing VHDL file "/zhome/5f/5/155462/MCU project/PWF/PWF.srcs/sources_1/new/Ram256X16.vhd" into library xil_defaultlib
INFO: [VRFC 10-307] analyzing entity Ram256X16
INFO: [VRFC 10-163] Analyzing VHDL file "/zhome/5f/5/155462/MCU project/PWF/PWF.srcs/sources_1/new/Ram256X16.vhd" into library xil_defaultlib
INFO: [VRFC 10-307] analyzing entity Ram256X16
INFO: [VRFC 10-163] Analyzing VHDL file "/zhome/5f/5/155462/MCU project/PWF/PWF.srcs/sources_1/new/Ram256X16.vhd" into library xil_defaultlib
INFO: [VRFC 10-307] analyzing entity Ram256X16
INFO: [VRFC 10-163] Analyzing VHDL file "/zhome/5f/5/155462/MCU project/PWF/PWF.srcs/sources_1/new/PortReg8x8.vhd" into library xil_defaultlib
INFO: [VRFC 10-307] analyzing entity PortReg8x8
INFO: [VRFC 10-163] Analyzing VHDL file "/zhome/5f/5/155462/MCU project/FINAL/FINAL.srcs/sources_1/new/7segdriver.vhd" into library xil_defaultlib
INFO: [VRFC 10-307] analyzing entity SevenSeg4
INFO: [VRFC 10-163] Analyzing VHDL file "/zhome/5f/5/155462/MCU project/FINAL/FINAL.srcs/sources_1/new/8bit_Register.vhd" into library xil_defaultlib
INFO: [VRFC 10-307] analyzing entity Register_8bit
INFO: [VRFC 10-163] Analyzing VHDL file "/zhome/5f/5/155462/MCU project/FINAL/FINAL.srcs/sources_1/new/ALU.vhd" into library xil_defaultlib
INFO: [VRFC 10-307] analyzing entity ALU
INFO: [VRFC 10-163] Analyzing VHDL file "/zhome/5f/5/155462/MCU project/FINAL/FINAL.srcs/sources_1/new/AND2.vhd" into library xil_defaultlib
INFO: [VRFC 10-307] analyzing entity AND2
INFO: [VRFC 10-163] Analyzing VHDL file "/zhome/5f/5/155462/MCU project/FINAL/FINAL.srcs/sources_1/new/D_ff_arst.vhd" into library xil_defaultlib
INFO: [VRFC 10-307] analyzing entity D_ff_arst
INFO: [VRFC 10-163] Analyzing VHDL file "/zhome/5f/5/155462/MCU project/FINAL/FINAL.srcs/sources_1/new/Datapath.vhd" into library xil_defaultlib
INFO: [VRFC 10-307] analyzing entity Datapath
INFO: [VRFC 10-163] Analyzing VHDL file "/zhome/5f/5/155462/MCU project/FINAL/FINAL.srcs/sources_1/new/DestinationDecoder.vhd" into library xil_defaultlib
INFO: [VRFC 10-307] analyzing entity DestinationDecoder
INFO: [VRFC 10-163] Analyzing VHDL file "/zhome/5f/5/155462/MCU project/FINAL/FINAL.srcs/sources_1/new/F_sel.vhd" into library xil_defaultlib
INFO: [VRFC 10-307] analyzing entity F_sel
INFO: [VRFC 10-163] Analyzing VHDL file "/zhome/5f/5/155462/MCU project/FINAL/FINAL.srcs/sources_1/new/FullAdder.vhd" into library xil_defaultlib
INFO: [VRFC 10-307] analyzing entity FullAdder
INFO: [VRFC 10-163] Analyzing VHDL file "/zhome/5f/5/155462/MCU project/FINAL/FINAL.srcs/sources_1/new/HalfAdder.vhd" into library xil_defaultlib
INFO: [VRFC 10-307] analyzing entity HalfAdder
INFO: [VRFC 10-163] Analyzing VHDL file "/zhome/5f/5/155462/MCU project/FINAL/FINAL.srcs/sources_1/new/InstructionDecoderController.vhd" into library xil_defaultlib
INFO: [VRFC 10-307] analyzing entity InstructionDecoderController
INFO: [VRFC 10-163] Analyzing VHDL file "/zhome/5f/5/155462/MCU project/FINAL/FINAL.srcs/sources_1/new/InstructionRegister.vhd" into library xil_defaultlib
INFO: [VRFC 10-307] analyzing entity InstructionRegister
INFO: [VRFC 10-163] Analyzing VHDL file "/zhome/5f/5/155462/MCU project/FINAL/FINAL.srcs/sources_1/new/MUX16x8x1.vhd" into library xil_defaultlib
INFO: [VRFC 10-307] analyzing entity MUX16x1x8
INFO: [VRFC 10-163] Analyzing VHDL file "/zhome/5f/5/155462/MCU project/FINAL/FINAL.srcs/sources_1/new/MUX2x1.vhd" into library xil_defaultlib
INFO: [VRFC 10-307] analyzing entity MUX2x1
INFO: [VRFC 10-163] Analyzing VHDL file "/zhome/5f/5/155462/MCU project/FINAL/FINAL.srcs/sources_1/new/MUX2x1x8.vhd" into library xil_defaultlib
INFO: [VRFC 10-307] analyzing entity MUX2x1x8
INFO: [VRFC 10-163] Analyzing VHDL file "/zhome/5f/5/155462/MCU project/FINAL/FINAL.srcs/sources_1/new/MUX3x1.vhd" into library xil_defaultlib
INFO: [VRFC 10-307] analyzing entity MUX3x1
INFO: [VRFC 10-163] Analyzing VHDL file "/zhome/5f/5/155462/MCU project/FINAL/FINAL.srcs/sources_1/new/MicroprogramController.vhd" into library xil_defaultlib
INFO: [VRFC 10-307] analyzing entity MicroprogramController
INFO: [VRFC 10-163] Analyzing VHDL file "/zhome/5f/5/155462/MCU project/FINAL/FINAL.srcs/sources_1/new/NOT1.vhd" into library xil_defaultlib
INFO: [VRFC 10-307] analyzing entity NOT1
INFO: [VRFC 10-163] Analyzing VHDL file "/zhome/5f/5/155462/MCU project/FINAL/FINAL.srcs/sources_1/new/NegZero.vhd" into library xil_defaultlib
INFO: [VRFC 10-307] analyzing entity NegZero
INFO: [VRFC 10-163] Analyzing VHDL file "/zhome/5f/5/155462/MCU project/FINAL/FINAL.srcs/sources_1/new/OR2.vhd" into library xil_defaultlib
INFO: [VRFC 10-307] analyzing entity OR2
INFO: [VRFC 10-163] Analyzing VHDL file "/zhome/5f/5/155462/MCU project/FINAL/FINAL.srcs/sources_1/new/PortReg8x8.vhd" into library xil_defaultlib
INFO: [VRFC 10-307] analyzing entity PortReg8x8
INFO: [VRFC 10-163] Analyzing VHDL file "/zhome/5f/5/155462/MCU project/FINAL/FINAL.srcs/sources_1/new/ProgramCounter.vhd" into library xil_defaultlib
INFO: [VRFC 10-307] analyzing entity ProgramCounter
INFO: [VRFC 10-163] Analyzing VHDL file "/zhome/5f/5/155462/MCU project/FINAL/FINAL.srcs/sources_1/new/Ram256X16.vhd" into library xil_defaultlib
INFO: [VRFC 10-307] analyzing entity Ram256X16
INFO: [VRFC 10-163] Analyzing VHDL file "/zhome/5f/5/155462/MCU project/FINAL/FINAL.srcs/sources_1/new/RegisterR16.vhd" into library xil_defaultlib
INFO: [VRFC 10-307] analyzing entity RegisterR16
INFO: [VRFC 10-163] Analyzing VHDL file "/zhome/5f/5/155462/MCU project/FINAL/FINAL.srcs/sources_1/new/RegsiterFile.vhd" into library xil_defaultlib
INFO: [VRFC 10-307] analyzing entity RegisterFile
INFO: [VRFC 10-163] Analyzing VHDL file "/zhome/5f/5/155462/MCU project/FINAL/FINAL.srcs/sources_1/new/SignExtender.vhd" into library xil_defaultlib
INFO: [VRFC 10-307] analyzing entity SignExtender
INFO: [VRFC 10-163] Analyzing VHDL file "/zhome/5f/5/155462/MCU project/FINAL/FINAL.srcs/sources_1/new/ZeroFiller.vhd" into library xil_defaultlib
INFO: [VRFC 10-307] analyzing entity ZeroFiller
INFO: [VRFC 10-163] Analyzing VHDL file "/zhome/5f/5/155462/MCU project/FINAL/FINAL.srcs/sources_1/new/arith_circuit.vhd" into library xil_defaultlib
INFO: [VRFC 10-307] analyzing entity arith_circuit
INFO: [VRFC 10-163] Analyzing VHDL file "/zhome/5f/5/155462/MCU project/FINAL/FINAL.srcs/sources_1/new/function_unit.vhd" into library xil_defaultlib
INFO: [VRFC 10-307] analyzing entity function_unit
INFO: [VRFC 10-163] Analyzing VHDL file "/zhome/5f/5/155462/MCU project/FINAL/FINAL.srcs/sources_1/new/logic_unit.vhd" into library xil_defaultlib
INFO: [VRFC 10-307] analyzing entity logic_unit
INFO: [VRFC 10-163] Analyzing VHDL file "/zhome/5f/5/155462/MCU project/FINAL/FINAL.srcs/sources_1/new/shifter_8bit.vhd" into library xil_defaultlib
INFO: [VRFC 10-307] analyzing entity shifter_8bit
INFO: [VRFC 10-163] Analyzing VHDL file "/zhome/5f/5/155462/MCU project/FINAL/FINAL.srcs/sources_1/new/Ram256X16.vhd" into library xil_defaultlib
INFO: [VRFC 10-307] analyzing entity Ram256X16
INFO: [VRFC 10-163] Analyzing VHDL file "/zhome/5f/5/155462/MCU project/FINAL/FINAL.srcs/sim_1/new/MCU_TOP_tb.vhd" into library xil_defaultlib
INFO: [VRFC 10-307] analyzing entity MCU_TOP_tb
INFO: [VRFC 10-163] Analyzing VHDL file "/zhome/5f/5/155462/MCU project/FINAL/FINAL.srcs/sources_1/new/Ram256X16.vhd" into library xil_defaultlib
INFO: [VRFC 10-307] analyzing entity Ram256X16
INFO: [VRFC 10-163] Analyzing VHDL file "/zhome/5f/5/155462/MCU project/FINAL/FINAL.srcs/sources_1/new/MCU_TOP.vhd" into library xil_defaultlib
INFO: [VRFC 10-307] analyzing entity MCU_TOP
INFO: [VRFC 10-163] Analyzing VHDL file "/zhome/5f/5/155462/MCU project/FINAL/FINAL.srcs/sources_1/new/MCU_TOP.vhd" into library xil_defaultlib
INFO: [VRFC 10-307] analyzing entity MCU_TOP
INFO: [VRFC 10-163] Analyzing VHDL file "/zhome/5f/5/155462/MCU project/FINAL/FINAL.srcs/sources_1/new/MCU_TOP.vhd" into library xil_defaultlib
INFO: [VRFC 10-307] analyzing entity MCU_TOP
INFO: [VRFC 10-163] Analyzing VHDL file "/zhome/5f/5/155462/MCU project/FINAL/FINAL.srcs/sources_1/new/MCU_TOP.vhd" into library xil_defaultlib
INFO: [VRFC 10-307] analyzing entity MCU_TOP
INFO: [VRFC 10-163] Analyzing VHDL file "/zhome/5f/5/155462/MCU project/FINAL/FINAL.srcs/sources_1/new/MCU_TOP.vhd" into library xil_defaultlib
INFO: [VRFC 10-307] analyzing entity MCU_TOP
INFO: [VRFC 10-163] Analyzing VHDL file "/zhome/5f/5/155462/MCU project/FINAL/FINAL.srcs/sources_1/new/MCU_TOP.vhd" into library xil_defaultlib
INFO: [VRFC 10-307] analyzing entity MCU_TOP
INFO: [VRFC 10-163] Analyzing VHDL file "/zhome/5f/5/155462/MCU project/FINAL/FINAL.srcs/sim_1/new/MCU_TOP_tb.vhd" into library xil_defaultlib
INFO: [VRFC 10-307] analyzing entity MCU_TOP_tb
INFO: [VRFC 10-163] Analyzing VHDL file "/zhome/5f/5/155462/MCU project/FINAL/FINAL.srcs/sources_1/new/MCU_TOP.vhd" into library xil_defaultlib
INFO: [VRFC 10-307] analyzing entity MCU_TOP
INFO: [VRFC 10-163] Analyzing VHDL file "/zhome/5f/5/155462/MCU project/FINAL/FINAL.srcs/sources_1/new/MCU_TOP.vhd" into library xil_defaultlib
INFO: [VRFC 10-307] analyzing entity MCU_TOP
INFO: [VRFC 10-163] Analyzing VHDL file "/zhome/5f/5/155462/MCU project/FINAL/FINAL.srcs/sources_1/new/MCU_TOP.vhd" into library xil_defaultlib
INFO: [VRFC 10-307] analyzing entity MCU_TOP
INFO: [VRFC 10-163] Analyzing VHDL file "/zhome/5f/5/155462/MCU project/FINAL/FINAL.srcs/sources_1/new/MCU_TOP.vhd" into library xil_defaultlib
INFO: [VRFC 10-307] analyzing entity MCU_TOP
INFO: [VRFC 10-163] Analyzing VHDL file "/zhome/5f/5/155462/MCU project/FINAL/FINAL.srcs/sources_1/new/InstructionDecoderController.vhd" into library xil_defaultlib
INFO: [VRFC 10-307] analyzing entity InstructionDecoderController
INFO: [VRFC 10-163] Analyzing VHDL file "/zhome/5f/5/155462/MCU project/FINAL/FINAL.srcs/sources_1/new/InstructionDecoderController.vhd" into library xil_defaultlib
INFO: [VRFC 10-307] analyzing entity InstructionDecoderController
INFO: [VRFC 10-163] Analyzing VHDL file "/zhome/5f/5/155462/MCU project/FINAL/FINAL.srcs/sources_1/new/InstructionDecoderController.vhd" into library xil_defaultlib
INFO: [VRFC 10-307] analyzing entity InstructionDecoderController
INFO: [VRFC 10-163] Analyzing VHDL file "/zhome/5f/5/155462/MCU project/FINAL/FINAL.srcs/sources_1/new/InstructionDecoderController.vhd" into library xil_defaultlib
INFO: [VRFC 10-307] analyzing entity InstructionDecoderController
INFO: [VRFC 10-163] Analyzing VHDL file "/zhome/5f/5/155462/MCU project/FINAL/FINAL.srcs/sources_1/new/InstructionDecoderController.vhd" into library xil_defaultlib
INFO: [VRFC 10-307] analyzing entity InstructionDecoderController
INFO: [VRFC 10-163] Analyzing VHDL file "/zhome/5f/5/155462/MCU project/FINAL/FINAL.srcs/sim_1/new/MCU_TOP_tb.vhd" into library xil_defaultlib
INFO: [VRFC 10-307] analyzing entity MCU_TOP_tb
INFO: [VRFC 10-163] Analyzing VHDL file "/zhome/5f/5/155462/MCU project/FINAL/FINAL.srcs/sources_1/new/InstructionDecoderController.vhd" into library xil_defaultlib
INFO: [VRFC 10-307] analyzing entity InstructionDecoderController
INFO: [VRFC 10-163] Analyzing VHDL file "/zhome/5f/5/155462/MCU project/FINAL/FINAL.srcs/sources_1/new/InstructionDecoderController.vhd" into library xil_defaultlib
INFO: [VRFC 10-307] analyzing entity InstructionDecoderController
INFO: [VRFC 10-163] Analyzing VHDL file "/zhome/5f/5/155462/MCU project/FINAL/FINAL.srcs/sources_1/new/InstructionDecoderController.vhd" into library xil_defaultlib
INFO: [VRFC 10-307] analyzing entity InstructionDecoderController
INFO: [VRFC 10-163] Analyzing VHDL file "/zhome/5f/5/155462/MCU project/FINAL/FINAL.srcs/sources_1/new/InstructionDecoderController.vhd" into library xil_defaultlib
INFO: [VRFC 10-307] analyzing entity InstructionDecoderController
INFO: [VRFC 10-163] Analyzing VHDL file "/zhome/5f/5/155462/MCU project/FINAL/FINAL.srcs/sources_1/new/InstructionDecoderController.vhd" into library xil_defaultlib
INFO: [VRFC 10-307] analyzing entity InstructionDecoderController
INFO: [VRFC 10-163] Analyzing VHDL file "/zhome/5f/5/155462/MCU project/FINAL/FINAL.srcs/sim_1/new/MCU_TOP_tb.vhd" into library xil_defaultlib
INFO: [VRFC 10-307] analyzing entity MCU_TOP_tb
INFO: [VRFC 10-163] Analyzing VHDL file "/zhome/5f/5/155462/MCU project/FINAL/DivClk.vhd" into library xil_defaultlib
INFO: [VRFC 10-307] analyzing entity DivClk
INFO: [VRFC 10-163] Analyzing VHDL file "/zhome/5f/5/155462/MCU project/FINAL/FINAL.srcs/sources_1/new/MCU_TOP.vhd" into library xil_defaultlib
INFO: [VRFC 10-307] analyzing entity MCU_TOP
ERROR: [VRFC 10-2666] formal port start_slow_clk has no actual or default value [/zhome/5f/5/155462/MCU project/FINAL/FINAL.srcs/sources_1/new/MCU_TOP.vhd:143]
ERROR: [VRFC 10-91] start_slow_clk is not declared [/zhome/5f/5/155462/MCU project/FINAL/FINAL.srcs/sources_1/new/MCU_TOP.vhd:153]
ERROR: [VRFC 10-1504] unit behavioral ignored due to previous errors [/zhome/5f/5/155462/MCU project/FINAL/FINAL.srcs/sources_1/new/MCU_TOP.vhd:43]
INFO: [VRFC 10-240] VHDL file /zhome/5f/5/155462/MCU project/FINAL/FINAL.srcs/sources_1/new/MCU_TOP.vhd ignored due to errors
INFO: [VRFC 10-163] Analyzing VHDL file "/zhome/5f/5/155462/MCU project/FINAL/DivClk.vhd" into library xil_defaultlib
INFO: [VRFC 10-307] analyzing entity DivClk
INFO: [VRFC 10-163] Analyzing VHDL file "/zhome/5f/5/155462/MCU project/FINAL/FINAL.srcs/sources_1/new/MCU_TOP.vhd" into library xil_defaultlib
INFO: [VRFC 10-307] analyzing entity MCU_TOP
INFO: [VRFC 10-163] Analyzing VHDL file "/zhome/5f/5/155462/MCU project/FINAL/FINAL.srcs/sim_1/new/MCU_TOP_tb.vhd" into library xil_defaultlib
INFO: [VRFC 10-307] analyzing entity MCU_TOP_tb
ERROR: [VRFC 10-1412] syntax error near fo [/zhome/5f/5/155462/MCU project/FINAL/FINAL.srcs/sim_1/new/MCU_TOP_tb.vhd:60]
ERROR: [VRFC 10-1471] type error near clk_period ; current type time; expected type  void [/zhome/5f/5/155462/MCU project/FINAL/FINAL.srcs/sim_1/new/MCU_TOP_tb.vhd:60]
ERROR: [VRFC 10-1504] unit bench ignored due to previous errors [/zhome/5f/5/155462/MCU project/FINAL/FINAL.srcs/sim_1/new/MCU_TOP_tb.vhd:12]
INFO: [VRFC 10-240] VHDL file /zhome/5f/5/155462/MCU project/FINAL/FINAL.srcs/sim_1/new/MCU_TOP_tb.vhd ignored due to errors
INFO: [VRFC 10-163] Analyzing VHDL file "/zhome/5f/5/155462/MCU project/FINAL/DivClk.vhd" into library xil_defaultlib
INFO: [VRFC 10-307] analyzing entity DivClk
INFO: [VRFC 10-163] Analyzing VHDL file "/zhome/5f/5/155462/MCU project/FINAL/FINAL.srcs/sources_1/new/MCU_TOP.vhd" into library xil_defaultlib
INFO: [VRFC 10-307] analyzing entity MCU_TOP
INFO: [VRFC 10-163] Analyzing VHDL file "/zhome/5f/5/155462/MCU project/FINAL/FINAL.srcs/sim_1/new/MCU_TOP_tb.vhd" into library xil_defaultlib
INFO: [VRFC 10-307] analyzing entity MCU_TOP_tb
INFO: [VRFC 10-163] Analyzing VHDL file "/zhome/5f/5/155462/MCU project/FINAL/DivClk.vhd" into library xil_defaultlib
INFO: [VRFC 10-307] analyzing entity DivClk
ERROR: [VRFC 10-486] character '0' is not in type integer [/zhome/5f/5/155462/MCU project/FINAL/DivClk.vhd:24]
ERROR: [VRFC 10-1504] unit divclk_arch ignored due to previous errors [/zhome/5f/5/155462/MCU project/FINAL/DivClk.vhd:14]
INFO: [VRFC 10-240] VHDL file /zhome/5f/5/155462/MCU project/FINAL/DivClk.vhd ignored due to errors
INFO: [VRFC 10-163] Analyzing VHDL file "/zhome/5f/5/155462/MCU project/FINAL/DivClk.vhd" into library xil_defaultlib
INFO: [VRFC 10-307] analyzing entity DivClk
INFO: [VRFC 10-163] Analyzing VHDL file "/zhome/5f/5/155462/MCU project/FINAL/DivClk.vhd" into library xil_defaultlib
INFO: [VRFC 10-307] analyzing entity DivClk
INFO: [VRFC 10-163] Analyzing VHDL file "/zhome/5f/5/155462/MCU project/FINAL/DivClk.vhd" into library xil_defaultlib
INFO: [VRFC 10-307] analyzing entity DivClk
ERROR: [VRFC 10-91] start_clk is not declared [/zhome/5f/5/155462/MCU project/FINAL/DivClk.vhd:42]
ERROR: [VRFC 10-1504] unit divclk_arch ignored due to previous errors [/zhome/5f/5/155462/MCU project/FINAL/DivClk.vhd:14]
INFO: [VRFC 10-240] VHDL file /zhome/5f/5/155462/MCU project/FINAL/DivClk.vhd ignored due to errors
INFO: [VRFC 10-163] Analyzing VHDL file "/zhome/5f/5/155462/MCU project/FINAL/DivClk.vhd" into library xil_defaultlib
INFO: [VRFC 10-307] analyzing entity DivClk
INFO: [VRFC 10-163] Analyzing VHDL file "/zhome/5f/5/155462/MCU project/FINAL/FINAL.srcs/sources_1/new/MCU_TOP.vhd" into library xil_defaultlib
INFO: [VRFC 10-307] analyzing entity MCU_TOP
INFO: [VRFC 10-163] Analyzing VHDL file "/zhome/5f/5/155462/MCU project/FINAL/FINAL.srcs/sim_1/new/MCU_TOP_tb.vhd" into library xil_defaultlib
INFO: [VRFC 10-307] analyzing entity MCU_TOP_tb
INFO: [VRFC 10-163] Analyzing VHDL file "/zhome/5f/5/155462/MCU project/FINAL/FINAL.srcs/sources_1/new/MCU_TOP.vhd" into library xil_defaultlib
INFO: [VRFC 10-307] analyzing entity MCU_TOP
INFO: [VRFC 10-163] Analyzing VHDL file "/zhome/5f/5/155462/MCU project/FINAL/FINAL.srcs/sources_1/new/MicroprogramController.vhd" into library xil_defaultlib
INFO: [VRFC 10-307] analyzing entity MicroprogramController
INFO: [VRFC 10-163] Analyzing VHDL file "/zhome/5f/5/155462/MCU project/FINAL/FINAL.srcs/sim_1/new/MCU_TOP_tb.vhd" into library xil_defaultlib
INFO: [VRFC 10-307] analyzing entity MCU_TOP_tb
INFO: [VRFC 10-163] Analyzing VHDL file "/zhome/5f/5/155462/MCU project/FINAL/FINAL.srcs/sim_1/new/MCU_TOP_tb.vhd" into library xil_defaultlib
INFO: [VRFC 10-307] analyzing entity MCU_TOP_tb
INFO: [VRFC 10-163] Analyzing VHDL file "/zhome/5f/5/155462/MCU project/FINAL/FINAL.srcs/sources_1/new/MCU_TOP.vhd" into library xil_defaultlib
INFO: [VRFC 10-307] analyzing entity MCU_TOP
INFO: [VRFC 10-163] Analyzing VHDL file "/zhome/5f/5/155462/MCU project/FINAL/FINAL.srcs/sim_1/new/MCU_TOP_tb.vhd" into library xil_defaultlib
INFO: [VRFC 10-307] analyzing entity MCU_TOP_tb
INFO: [VRFC 10-163] Analyzing VHDL file "/zhome/5f/5/155462/MCU project/FINAL/FINAL.srcs/sources_1/new/MicroprogramController.vhd" into library xil_defaultlib
INFO: [VRFC 10-307] analyzing entity MicroprogramController
INFO: [VRFC 10-163] Analyzing VHDL file "/zhome/5f/5/155462/MCU project/FINAL/FINAL.srcs/sources_1/new/MCU_TOP.vhd" into library xil_defaultlib
INFO: [VRFC 10-307] analyzing entity MCU_TOP
INFO: [VRFC 10-163] Analyzing VHDL file "/zhome/5f/5/155462/MCU project/FINAL/FINAL.srcs/sources_1/new/MicroprogramController.vhd" into library xil_defaultlib
INFO: [VRFC 10-307] analyzing entity MicroprogramController
INFO: [VRFC 10-163] Analyzing VHDL file "/zhome/5f/5/155462/MCU project/FINAL/FINAL.srcs/sources_1/new/MicroprogramController.vhd" into library xil_defaultlib
INFO: [VRFC 10-307] analyzing entity MicroprogramController
INFO: [VRFC 10-163] Analyzing VHDL file "/zhome/5f/5/155462/MCU project/FINAL/FINAL.srcs/sources_1/new/Ram256X16.vhd" into library xil_defaultlib
INFO: [VRFC 10-307] analyzing entity Ram256X16
INFO: [VRFC 10-163] Analyzing VHDL file "/zhome/5f/5/155462/MCU project/FINAL/FINAL.srcs/sources_1/new/Ram256X16.vhd" into library xil_defaultlib
INFO: [VRFC 10-307] analyzing entity Ram256X16
INFO: [VRFC 10-163] Analyzing VHDL file "/zhome/5f/5/155462/MCU project/FINAL/FINAL.srcs/sources_1/new/Ram256X16.vhd" into library xil_defaultlib
INFO: [VRFC 10-307] analyzing entity Ram256X16
INFO: [VRFC 10-163] Analyzing VHDL file "/zhome/5f/5/155462/MCU project/FINAL/FINAL.srcs/sources_1/new/Ram256X16.vhd" into library xil_defaultlib
INFO: [VRFC 10-307] analyzing entity Ram256X16
INFO: [VRFC 10-163] Analyzing VHDL file "/zhome/5f/5/155462/MCU project/FINAL/FINAL.srcs/sources_1/new/Ram256X16.vhd" into library xil_defaultlib
INFO: [VRFC 10-307] analyzing entity Ram256X16
INFO: [VRFC 10-163] Analyzing VHDL file "/zhome/5f/5/155462/MCU project/FINAL/FINAL.srcs/sources_1/new/Ram256X16.vhd" into library xil_defaultlib
INFO: [VRFC 10-307] analyzing entity Ram256X16
INFO: [VRFC 10-163] Analyzing VHDL file "/zhome/5f/5/155462/MCU project/FINAL/FINAL.srcs/sources_1/new/Ram256X16.vhd" into library xil_defaultlib
INFO: [VRFC 10-307] analyzing entity Ram256X16
INFO: [VRFC 10-163] Analyzing VHDL file "/zhome/5f/5/155462/MCU project/FINAL/FINAL.srcs/sources_1/new/Ram256X16.vhd" into library xil_defaultlib
INFO: [VRFC 10-307] analyzing entity Ram256X16
INFO: [VRFC 10-163] Analyzing VHDL file "/zhome/5f/5/155462/MCU project/FINAL/FINAL.srcs/sources_1/new/Ram256X16.vhd" into library xil_defaultlib
INFO: [VRFC 10-307] analyzing entity Ram256X16
INFO: [VRFC 10-163] Analyzing VHDL file "/zhome/5f/5/155462/MCU project/FINAL/FINAL.srcs/sim_1/new/MCU_TOP_tb.vhd" into library xil_defaultlib
INFO: [VRFC 10-307] analyzing entity MCU_TOP_tb
INFO: [VRFC 10-163] Analyzing VHDL file "/zhome/5f/5/155462/MCU project/FINAL/FINAL.srcs/sources_1/new/Ram256X16.vhd" into library xil_defaultlib
INFO: [VRFC 10-307] analyzing entity Ram256X16
INFO: [VRFC 10-163] Analyzing VHDL file "/zhome/5f/5/155462/MCU project/FINAL/FINAL.srcs/sources_1/new/Ram256X16.vhd" into library xil_defaultlib
INFO: [VRFC 10-307] analyzing entity Ram256X16
INFO: [VRFC 10-163] Analyzing VHDL file "/zhome/5f/5/155462/MCU project/FINAL/FINAL.srcs/sources_1/new/Ram256X16.vhd" into library xil_defaultlib
INFO: [VRFC 10-307] analyzing entity Ram256X16
INFO: [VRFC 10-163] Analyzing VHDL file "/zhome/5f/5/155462/Downloads/TB_DataPath.vhd" into library xil_defaultlib
INFO: [VRFC 10-307] analyzing entity DataPath_tb
INFO: [VRFC 10-163] Analyzing VHDL file "/zhome/5f/5/155462/MCU project/FINAL/FINAL.srcs/sources_1/new/arith_circuit.vhd" into library xil_defaultlib
INFO: [VRFC 10-307] analyzing entity arith_circuit
INFO: [VRFC 10-163] Analyzing VHDL file "/zhome/5f/5/155462/MCU project/FINAL/FINAL.srcs/sources_1/new/arith_circuit.vhd" into library xil_defaultlib
INFO: [VRFC 10-307] analyzing entity arith_circuit
INFO: [VRFC 10-163] Analyzing VHDL file "/zhome/5f/5/155462/MCU project/FINAL/FINAL.srcs/sim_1/new/MUX2x1_tb.vhd" into library xil_defaultlib
INFO: [VRFC 10-307] analyzing entity MUX2x1_tb
INFO: [VRFC 10-163] Analyzing VHDL file "/zhome/5f/5/155462/MCU project/FINAL/FINAL.srcs/sources_1/new/arith_circuit.vhd" into library xil_defaultlib
INFO: [VRFC 10-307] analyzing entity arith_circuit
INFO: [VRFC 10-163] Analyzing VHDL file "/zhome/5f/5/155462/MCU project/FINAL/FINAL.srcs/sim_1/new/MUX2x1_tb.vhd" into library xil_defaultlib
INFO: [VRFC 10-307] analyzing entity MUX2x1_tb
INFO: [VRFC 10-163] Analyzing VHDL file "/zhome/5f/5/155462/MCU project/FINAL/FINAL.srcs/sources_1/new/MUX2x1.vhd" into library xil_defaultlib
INFO: [VRFC 10-307] analyzing entity MUX2x1
INFO: [VRFC 10-163] Analyzing VHDL file "/zhome/5f/5/155462/MCU project/FINAL/FINAL.srcs/sources_1/new/Ram256X16.vhd" into library xil_defaultlib
INFO: [VRFC 10-307] analyzing entity Ram256X16
INFO: [VRFC 10-163] Analyzing VHDL file "/zhome/5f/5/155462/MCU project/FINAL/FINAL.srcs/sources_1/new/RegsiterFile.vhd" into library xil_defaultlib
INFO: [VRFC 10-307] analyzing entity RegisterFile
INFO: [VRFC 10-163] Analyzing VHDL file "/zhome/5f/5/155462/MCU project/FINAL/FINAL.srcs/sources_1/new/Ram256X16.vhd" into library xil_defaultlib
INFO: [VRFC 10-307] analyzing entity Ram256X16
INFO: [VRFC 10-163] Analyzing VHDL file "/zhome/5f/5/155462/MCU project/FINAL/FINAL.srcs/sim_1/new/MCU_TOP_tb.vhd" into library xil_defaultlib
INFO: [VRFC 10-307] analyzing entity MCU_TOP_tb
INFO: [VRFC 10-163] Analyzing VHDL file "/zhome/5f/5/155462/MCU project/FINAL/FINAL.srcs/sources_1/new/Ram256X16.vhd" into library xil_defaultlib
INFO: [VRFC 10-307] analyzing entity Ram256X16
INFO: [VRFC 10-163] Analyzing VHDL file "/zhome/5f/5/155462/MCU project/FINAL/FINAL.srcs/sources_1/new/InstructionDecoderController.vhd" into library xil_defaultlib
INFO: [VRFC 10-307] analyzing entity InstructionDecoderController
INFO: [VRFC 10-163] Analyzing VHDL file "/zhome/5f/5/155462/MCU project/FINAL/FINAL.srcs/sim_1/new/MCU_TOP_tb.vhd" into library xil_defaultlib
INFO: [VRFC 10-307] analyzing entity MCU_TOP_tb
INFO: [VRFC 10-163] Analyzing VHDL file "/zhome/5f/5/155462/MCU project/FINAL/FINAL.srcs/sim_1/new/MCU_TOP_tb.vhd" into library xil_defaultlib
INFO: [VRFC 10-307] analyzing entity MCU_TOP_tb
INFO: [VRFC 10-163] Analyzing VHDL file "/zhome/5f/5/155462/MCU project/FINAL/FINAL.srcs/sources_1/new/MCU_TOP.vhd" into library xil_defaultlib
INFO: [VRFC 10-307] analyzing entity MCU_TOP
INFO: [VRFC 10-163] Analyzing VHDL file "/zhome/5f/5/155462/MCU project/FINAL/FINAL.srcs/sources_1/new/Ram256X16.vhd" into library xil_defaultlib
INFO: [VRFC 10-307] analyzing entity Ram256X16
INFO: [VRFC 10-163] Analyzing VHDL file "/zhome/5f/5/155462/MCU project/FINAL/FINAL.srcs/sim_1/new/MCU_TOP_tb.vhd" into library xil_defaultlib
INFO: [VRFC 10-307] analyzing entity MCU_TOP_tb
INFO: [VRFC 10-163] Analyzing VHDL file "/zhome/5f/5/155462/MCU project/FINAL/FINAL.srcs/sources_1/new/MCU_TOP.vhd" into library xil_defaultlib
INFO: [VRFC 10-307] analyzing entity MCU_TOP
INFO: [VRFC 10-163] Analyzing VHDL file "/zhome/5f/5/155462/MCU project/FINAL/FINAL.srcs/sources_1/new/Ram256X16.vhd" into library xil_defaultlib
INFO: [VRFC 10-307] analyzing entity Ram256X16
INFO: [VRFC 10-163] Analyzing VHDL file "/zhome/5f/5/155462/MCU project/FINAL/FINAL.srcs/sources_1/new/Ram256X16.vhd" into library xil_defaultlib
INFO: [VRFC 10-307] analyzing entity Ram256X16
INFO: [VRFC 10-163] Analyzing VHDL file "/zhome/5f/5/155462/MCU project/FINAL/FINAL.srcs/sources_1/new/Ram256X16.vhd" into library xil_defaultlib
INFO: [VRFC 10-307] analyzing entity Ram256X16
INFO: [VRFC 10-163] Analyzing VHDL file "/zhome/5f/5/155462/MCU project/FINAL/FINAL.srcs/sim_1/new/MCU_TOP_tb.vhd" into library xil_defaultlib
INFO: [VRFC 10-307] analyzing entity MCU_TOP_tb
INFO: [VRFC 10-163] Analyzing VHDL file "/zhome/5f/5/155462/MCU project/FINAL/FINAL.srcs/sources_1/new/MCU_TOP.vhd" into library xil_defaultlib
INFO: [VRFC 10-307] analyzing entity MCU_TOP
INFO: [VRFC 10-163] Analyzing VHDL file "/zhome/5f/5/155462/MCU project/FINAL/FINAL.srcs/sources_1/new/MCU_TOP.vhd" into library xil_defaultlib
INFO: [VRFC 10-307] analyzing entity MCU_TOP
INFO: [VRFC 10-163] Analyzing VHDL file "/zhome/5f/5/155462/MCU project/FINAL/FINAL.srcs/sources_1/new/Ram256X16.vhd" into library xil_defaultlib
INFO: [VRFC 10-307] analyzing entity Ram256X16
INFO: [VRFC 10-163] Analyzing VHDL file "/zhome/5f/5/155462/MCU project/FINAL/FINAL.srcs/sources_1/new/Ram256X16.vhd" into library xil_defaultlib
INFO: [VRFC 10-307] analyzing entity Ram256X16
INFO: [VRFC 10-163] Analyzing VHDL file "/zhome/5f/5/155462/MCU project/FINAL/FINAL.srcs/sources_1/new/Ram256X16.vhd" into library xil_defaultlib
INFO: [VRFC 10-307] analyzing entity Ram256X16
INFO: [VRFC 10-163] Analyzing VHDL file "/zhome/5f/5/155462/MCU project/FINAL/FINAL.srcs/sources_1/new/Ram256X16.vhd" into library xil_defaultlib
INFO: [VRFC 10-307] analyzing entity Ram256X16
INFO: [VRFC 10-163] Analyzing VHDL file "/zhome/5f/5/155462/MCU project/FINAL/FINAL.srcs/sources_1/new/Ram256X16.vhd" into library xil_defaultlib
INFO: [VRFC 10-307] analyzing entity Ram256X16
INFO: [VRFC 10-163] Analyzing VHDL file "/zhome/5f/5/155462/MCU project/FINAL/FINAL.srcs/sources_1/new/Ram256X16.vhd" into library xil_defaultlib
INFO: [VRFC 10-307] analyzing entity Ram256X16
INFO: [VRFC 10-163] Analyzing VHDL file "/zhome/5f/5/155462/MCU project/FINAL/FINAL.srcs/sources_1/new/MUX16x8x1.vhd" into library xil_defaultlib
INFO: [VRFC 10-307] analyzing entity MUX16x1x8
INFO: [VRFC 10-163] Analyzing VHDL file "/zhome/5f/5/155462/MCU project/FINAL/FINAL.srcs/sources_1/new/PortReg8x8.vhd" into library xil_defaultlib
INFO: [VRFC 10-307] analyzing entity PortReg8x8
INFO: [VRFC 10-163] Analyzing VHDL file "/zhome/5f/5/155462/MCU project/FINAL/FINAL.srcs/sources_1/new/PortReg8x8.vhd" into library xil_defaultlib
INFO: [VRFC 10-307] analyzing entity PortReg8x8
INFO: [VRFC 10-163] Analyzing VHDL file "/zhome/5f/5/155462/MCU project/FINAL/FINAL.srcs/sources_1/new/PortReg8x8.vhd" into library xil_defaultlib
INFO: [VRFC 10-307] analyzing entity PortReg8x8
INFO: [VRFC 10-163] Analyzing VHDL file "/zhome/5f/5/155462/MCU project/FINAL/FINAL.srcs/sources_1/new/PortReg8x8.vhd" into library xil_defaultlib
INFO: [VRFC 10-307] analyzing entity PortReg8x8
INFO: [VRFC 10-163] Analyzing VHDL file "/zhome/5f/5/155462/MCU project/FINAL/FINAL.srcs/sources_1/new/MCU_TOP.vhd" into library xil_defaultlib
INFO: [VRFC 10-307] analyzing entity MCU_TOP
INFO: [VRFC 10-163] Analyzing VHDL file "/zhome/5f/5/155462/MCU project/FINAL/FINAL.srcs/sources_1/new/MCU_TOP.vhd" into library xil_defaultlib
INFO: [VRFC 10-307] analyzing entity MCU_TOP
INFO: [VRFC 10-163] Analyzing VHDL file "/zhome/5f/5/155462/MCU project/FINAL/FINAL.srcs/sources_1/new/MCU_TOP.vhd" into library xil_defaultlib
INFO: [VRFC 10-307] analyzing entity MCU_TOP
INFO: [VRFC 10-163] Analyzing VHDL file "/zhome/5f/5/155462/MCU project/FINAL/FINAL.srcs/sim_1/new/MCU_TOP_tb.vhd" into library xil_defaultlib
INFO: [VRFC 10-307] analyzing entity MCU_TOP_tb
INFO: [VRFC 10-163] Analyzing VHDL file "/zhome/5f/5/155462/MCU project/FINAL/FINAL.srcs/sim_1/new/MCU_TOP_tb.vhd" into library xil_defaultlib
INFO: [VRFC 10-307] analyzing entity MCU_TOP_tb
INFO: [VRFC 10-163] Analyzing VHDL file "/zhome/5f/5/155462/MCU project/FINAL/FINAL.srcs/sim_1/new/MCU_TOP_tb.vhd" into library xil_defaultlib
INFO: [VRFC 10-307] analyzing entity MCU_TOP_tb
INFO: [VRFC 10-163] Analyzing VHDL file "/zhome/5f/5/155462/MCU project/FINAL/FINAL.srcs/sources_1/new/Ram256X16.vhd" into library xil_defaultlib
INFO: [VRFC 10-307] analyzing entity Ram256X16
INFO: [VRFC 10-163] Analyzing VHDL file "/zhome/5f/5/155462/MCU project/FINAL/FINAL.srcs/sim_1/new/MCU_TOP_tb.vhd" into library xil_defaultlib
INFO: [VRFC 10-307] analyzing entity MCU_TOP_tb
INFO: [VRFC 10-163] Analyzing VHDL file "/zhome/5f/5/155462/MCU project/FINAL/FINAL.srcs/sources_1/new/Ram256X16.vhd" into library xil_defaultlib
INFO: [VRFC 10-307] analyzing entity Ram256X16
INFO: [VRFC 10-163] Analyzing VHDL file "/zhome/5f/5/155462/MCU project/FINAL/FINAL.srcs/sources_1/new/Ram256X16.vhd" into library xil_defaultlib
INFO: [VRFC 10-307] analyzing entity Ram256X16
INFO: [VRFC 10-163] Analyzing VHDL file "/zhome/5f/5/155462/MCU project/FINAL/FINAL.srcs/sources_1/new/PortReg8x8.vhd" into library xil_defaultlib
INFO: [VRFC 10-307] analyzing entity PortReg8x8
INFO: [VRFC 10-163] Analyzing VHDL file "/zhome/5f/5/155462/MCU project/FINAL/FINAL.srcs/sim_1/new/PortReg_tb.vhd" into library xil_defaultlib
INFO: [VRFC 10-307] analyzing entity PortReg8x8_tb
INFO: [VRFC 10-163] Analyzing VHDL file "/zhome/5f/5/155462/MCU project/FINAL/FINAL.srcs/sources_1/new/Ram256X16.vhd" into library xil_defaultlib
INFO: [VRFC 10-307] analyzing entity Ram256X16
INFO: [VRFC 10-163] Analyzing VHDL file "/zhome/5f/5/155462/MCU project/FINAL/FINAL.srcs/sim_1/new/RAM_tb.vhd" into library xil_defaultlib
INFO: [VRFC 10-307] analyzing entity Ram256X16_tb
INFO: [VRFC 10-163] Analyzing VHDL file "/zhome/5f/5/155462/MCU project/FINAL/FINAL.srcs/sim_1/new/RAM_tb.vhd" into library xil_defaultlib
INFO: [VRFC 10-307] analyzing entity Ram256X16_tb
